# JRE version: OpenJDK Runtime Environment Temurin-17.0.4.1+1 (17.0.4.1+1) (build 17.0.4.1+1)
# Java VM: OpenJDK 64-Bit Server VM Temurin-17.0.4.1+1 (17.0.4.1+1, mixed mode, emulated-client, tiered, compressed oops, compressed class ptrs, g1 gc, windows-amd64)
GC Precious Log:
 CPUs: 8 total, 8 available
 Memory: 8033M
 Large Page Support: Disabled
 NUMA Support: Disabled
 Compressed Oops: Enabled (32-bit)
 Heap Region Size: 1M
 Heap Min Capacity: 8M
 Heap Initial Capacity: 126M
 Heap Max Capacity: 2010M
 Pre-touch: Disabled
 Parallel Workers: 8
 Concurrent Workers: 2
 Concurrent Refinement Workers: 8
 Periodic GC: Disabled
Heap:
 garbage-first heap   total 221184K, used 88490K [0x0000000082600000, 0x0000000100000000)
  region size 1024K, 8 young (8192K), 8 survivors (8192K)
 Metaspace       used 38156K, committed 38528K, reserved 1089536K
  class space    used 4827K, committed 4992K, reserved 1048576K
GC Heap History (20 events):
Event: 29.220 GC heap after
{Heap after GC invocations=12 (full 0):
 garbage-first heap   total 95232K, used 48820K [0x0000000082600000, 0x0000000100000000)
  region size 1024K, 4 young (4096K), 4 survivors (4096K)
 Metaspace       used 37510K, committed 37824K, reserved 1089536K
  class space    used 4735K, committed 4864K, reserved 1048576K
}
Event: 29.343 GC heap before
{Heap before GC invocations=12 (full 0):
 garbage-first heap   total 95232K, used 50868K [0x0000000082600000, 0x0000000100000000)
  region size 1024K, 7 young (7168K), 4 survivors (4096K)
 Metaspace       used 37692K, committed 38016K, reserved 1089536K
  class space    used 4753K, committed 4928K, reserved 1048576K
}
Event: 29.349 GC heap after
{Heap after GC invocations=13 (full 0):
 garbage-first heap   total 142336K, used 49564K [0x0000000082600000, 0x0000000100000000)
  region size 1024K, 1 young (1024K), 1 survivors (1024K)
 Metaspace       used 37692K, committed 38016K, reserved 1089536K
  class space    used 4753K, committed 4928K, reserved 1048576K
}
Event: 30.075 GC heap before
{Heap before GC invocations=13 (full 0):
 garbage-first heap   total 142336K, used 104860K [0x0000000082600000, 0x0000000100000000)
  region size 1024K, 51 young (52224K), 1 survivors (1024K)
 Metaspace       used 38045K, committed 38336K, reserved 1089536K
  class space    used 4813K, committed 4928K, reserved 1048576K
}
Event: 30.110 GC heap after
{Heap after GC invocations=14 (full 0):
 garbage-first heap   total 142336K, used 70186K [0x0000000082600000, 0x0000000100000000)
  region size 1024K, 7 young (7168K), 7 survivors (7168K)
 Metaspace       used 38045K, committed 38336K, reserved 1089536K
  class space    used 4813K, committed 4928K, reserved 1048576K
}
Event: 30.180 GC heap before
{Heap before GC invocations=14 (full 0):
 garbage-first heap   total 142336K, used 101930K [0x0000000082600000, 0x0000000100000000)
  region size 1024K, 39 young (39936K), 7 survivors (7168K)
 Metaspace       used 38156K, committed 38528K, reserved 1089536K
  class space    used 4827K, committed 4992K, reserved 1048576K
}
Event: 30.186 GC heap after
{Heap after GC invocations=15 (full 0):
 garbage-first heap   total 142336K, used 72704K [0x0000000082600000, 0x0000000100000000)
  region size 1024K, 2 young (2048K), 2 survivors (2048K)
 Metaspace       used 38156K, committed 38528K, reserved 1089536K
  class space    used 4827K, committed 4992K, reserved 1048576K
}
Event: 30.242 GC heap before
{Heap before GC invocations=15 (full 0):
 garbage-first heap   total 142336K, used 106496K [0x0000000082600000, 0x0000000100000000)
  region size 1024K, 36 young (36864K), 2 survivors (2048K)
 Metaspace       used 38156K, committed 38528K, reserved 1089536K
  class space    used 4827K, committed 4992K, reserved 1048576K
}
Event: 30.245 GC heap after
{Heap after GC invocations=16 (full 0):
 garbage-first heap   total 142336K, used 73765K [0x0000000082600000, 0x0000000100000000)
  region size 1024K, 3 young (3072K), 3 survivors (3072K)
 Metaspace       used 38156K, committed 38528K, reserved 1089536K
  class space    used 4827K, committed 4992K, reserved 1048576K
}
Event: 30.291 GC heap before
{Heap before GC invocations=16 (full 0):
 garbage-first heap   total 142336K, used 108581K [0x0000000082600000, 0x0000000100000000)
  region size 1024K, 38 young (38912K), 3 survivors (3072K)
 Metaspace       used 38156K, committed 38528K, reserved 1089536K
  class space    used 4827K, committed 4992K, reserved 1048576K
}
Event: 30.295 GC heap after
{Heap after GC invocations=17 (full 0):
 garbage-first heap   total 221184K, used 75239K [0x0000000082600000, 0x0000000100000000)
  region size 1024K, 3 young (3072K), 3 survivors (3072K)
 Metaspace       used 38156K, committed 38528K, reserved 1089536K
  class space    used 4827K, committed 4992K, reserved 1048576K
}
Event: 30.430 GC heap before
{Heap before GC invocations=18 (full 0):
 garbage-first heap   total 221184K, used 154087K [0x0000000082600000, 0x0000000100000000)
  region size 1024K, 82 young (83968K), 3 survivors (3072K)
 Metaspace       used 38156K, committed 38528K, reserved 1089536K
  class space    used 4827K, committed 4992K, reserved 1048576K
}
Event: 30.434 GC heap after
{Heap after GC invocations=19 (full 0):
 garbage-first heap   total 221184K, used 77433K [0x0000000082600000, 0x0000000100000000)
  region size 1024K, 7 young (7168K), 7 survivors (7168K)
 Metaspace       used 38156K, committed 38528K, reserved 1089536K
  class space    used 4827K, committed 4992K, reserved 1048576K
}
Event: 30.445 GC heap before
{Heap before GC invocations=19 (full 0):
 garbage-first heap   total 221184K, used 79481K [0x0000000082600000, 0x0000000100000000)
  region size 1024K, 10 young (10240K), 7 survivors (7168K)
 Metaspace       used 38156K, committed 38528K, reserved 1089536K
  class space    used 4827K, committed 4992K, reserved 1048576K
}
Event: 30.449 GC heap after
{Heap after GC invocations=20 (full 0):
 garbage-first heap   total 221184K, used 77867K [0x0000000082600000, 0x0000000100000000)
  region size 1024K, 1 young (1024K), 1 survivors (1024K)
 Metaspace       used 38156K, committed 38528K, reserved 1089536K
  class space    used 4827K, committed 4992K, reserved 1048576K
}
Event: 30.519 GC heap before
{Heap before GC invocations=20 (full 0):
 garbage-first heap   total 221184K, used 167979K [0x0000000082600000, 0x0000000100000000)
  region size 1024K, 90 young (92160K), 1 survivors (1024K)
 Metaspace       used 38156K, committed 38528K, reserved 1089536K
  class space    used 4827K, committed 4992K, reserved 1048576K
}
Event: 30.522 GC heap after
{Heap after GC invocations=21 (full 0):
 garbage-first heap   total 221184K, used 80489K [0x0000000082600000, 0x0000000100000000)
  region size 1024K, 4 young (4096K), 4 survivors (4096K)
 Metaspace       used 38156K, committed 38528K, reserved 1089536K
  class space    used 4827K, committed 4992K, reserved 1048576K
}
Event: 30.630 GC heap before
{Heap before GC invocations=21 (full 0):
 garbage-first heap   total 221184K, used 172649K [0x0000000082600000, 0x0000000100000000)
  region size 1024K, 95 young (97280K), 4 survivors (4096K)
 Metaspace       used 38156K, committed 38528K, reserved 1089536K
  class space    used 4827K, committed 4992K, reserved 1048576K
}
Event: 30.635 GC heap after
{Heap after GC invocations=22 (full 0):
 garbage-first heap   total 221184K, used 84989K [0x0000000082600000, 0x0000000100000000)
  region size 1024K, 8 young (8192K), 8 survivors (8192K)
 Metaspace       used 38156K, committed 38528K, reserved 1089536K
  class space    used 4827K, committed 4992K, reserved 1048576K
}
Event: 30.705 GC heap before
{Heap before GC invocations=22 (full 0):
 garbage-first heap   total 221184K, used 176125K [0x0000000082600000, 0x0000000100000000)
  region size 1024K, 98 young (100352K), 8 survivors (8192K)
 Metaspace       used 38156K, committed 38528K, reserved 1089536K
  class space    used 4827K, committed 4992K, reserved 1048576K
}

